Vivado Simulator v2021.1
Copyright 1986-1999, 2001-2021 Xilinx, Inc. All Rights Reserved.
Running: C:/Xilinx/Vivado/2021.1/bin/unwrapped/win64.o/xelab.exe -wto f84c8b7b1284469198a6302f107804c0 --incr --debug typical --relax --mt 2 -L xil_defaultlib -L secureip --snapshot testbench_behav xil_defaultlib.testbench -log elaborate.log 
Using 2 slave threads.
Starting static elaboration
Completed static elaboration
Starting simulation data flow analysis
Completed simulation data flow analysis
Time Resolution for simulation is 1ps
Compiling package std.standard
Compiling package std.textio
Compiling package ieee.std_logic_1164
Compiling package ieee.std_logic_arith
Compiling package ieee.std_logic_unsigned
Compiling package ieee.numeric_std
Compiling package ieee.std_logic_signed
Compiling architecture behavioral of entity xil_defaultlib.ROM [rom_default]
Compiling architecture behavioral of entity xil_defaultlib.adderCLA [addercla_default]
Compiling architecture behavioral of entity xil_defaultlib.MULT [mult_default]
Compiling architecture behavioral of entity xil_defaultlib.DIV [div_default]
Compiling architecture behavioral of entity xil_defaultlib.standardizeMul [standardizemul_default]
Compiling architecture behavioral of entity xil_defaultlib.standardizeDiv [standardizediv_default]
Compiling architecture behavioral of entity xil_defaultlib.FPU [fpu_default]
Compiling architecture behavioral of entity xil_defaultlib.testbench
Built simulation snapshot testbench_behav
